<?xml version="1.0" encoding="UTF-8"?>
<robot generator="Robot 6.1 (Python 3.11.1 on win32)" generated="20230623 18:22:26.954" rpa="false" schemaversion="4">
<suite id="s1" name="TC 005 DDT1" source="C:\Users\akshobya\PycharmProjects\robotProject\RobotFramework\TC_005_DDT1.robot">
<kw name="Open my browser" library="login_resources" type="SETUP">
<kw name="Open Browser" library="SeleniumLibrary">
<arg>${url}</arg>
<arg>${browser}</arg>
<doc>Opens a new browser instance to the optional ``url``.</doc>
<msg timestamp="20230623 18:22:27.064" level="INFO">Opening browser 'Chrome' to base url 'https://admin-demo.nopcommerce.com/'.</msg>
<status status="PASS" starttime="20230623 18:22:27.064" endtime="20230623 18:22:30.427"/>
</kw>
<kw name="Maximize Browser Window" library="SeleniumLibrary">
<doc>Maximizes current browser window.</doc>
<status status="PASS" starttime="20230623 18:22:30.428" endtime="20230623 18:22:30.554"/>
</kw>
<status status="PASS" starttime="20230623 18:22:27.064" endtime="20230623 18:22:30.554"/>
</kw>
<test id="s1-t1" name="TC_001" line="13">
<kw name="Invalid Login">
<arg>admin@yourstore.com</arg>
<arg>${Empty}</arg>
<kw name="Input Username" library="login_resources">
<arg>${username}</arg>
<kw name="Input Text" library="SeleniumLibrary">
<arg>id:Email</arg>
<arg>${username}</arg>
<doc>Types the given ``text`` into the text field identified by ``locator``.</doc>
<msg timestamp="20230623 18:22:30.554" level="INFO">Typing text 'admin@yourstore.com' into text field 'id:Email'.</msg>
<status status="PASS" starttime="20230623 18:22:30.554" endtime="20230623 18:22:30.710"/>
</kw>
<status status="PASS" starttime="20230623 18:22:30.554" endtime="20230623 18:22:30.710"/>
</kw>
<kw name="Input Password" library="login_resources">
<arg>${password}</arg>
<kw name="Input Text" library="SeleniumLibrary">
<arg>id:Password</arg>
<arg>${password}</arg>
<doc>Types the given ``text`` into the text field identified by ``locator``.</doc>
<msg timestamp="20230623 18:22:30.712" level="INFO">Typing text '' into text field 'id:Password'.</msg>
<status status="PASS" starttime="20230623 18:22:30.712" endtime="20230623 18:22:30.759"/>
</kw>
<status status="PASS" starttime="20230623 18:22:30.712" endtime="20230623 18:22:30.759"/>
</kw>
<kw name="click login button" library="login_resources">
<kw name="Click Element" library="SeleniumLibrary">
<arg>xpath://button[@class='button-1 login-button']</arg>
<doc>Click the element identified by ``locator``.</doc>
<msg timestamp="20230623 18:22:30.759" level="INFO">Clicking element 'xpath://button[@class='button-1 login-button']'.</msg>
<status status="PASS" starttime="20230623 18:22:30.759" endtime="20230623 18:22:31.187"/>
</kw>
<status status="PASS" starttime="20230623 18:22:30.759" endtime="20230623 18:22:31.187"/>
</kw>
<kw name="Login unsuccessful Error message should be visible" library="login_resources">
<kw name="Page Should Contain" library="SeleniumLibrary">
<arg>Login was unsuccessful.</arg>
<doc>Verifies that current page contains ``text``.</doc>
<msg timestamp="20230623 18:22:31.198" level="INFO">Current page contains text 'Login was unsuccessful.'.</msg>
<status status="PASS" starttime="20230623 18:22:31.187" endtime="20230623 18:22:31.198"/>
</kw>
<status status="PASS" starttime="20230623 18:22:31.187" endtime="20230623 18:22:31.198"/>
</kw>
<status status="PASS" starttime="20230623 18:22:30.554" endtime="20230623 18:22:31.198"/>
</kw>
<status status="PASS" starttime="20230623 18:22:30.554" endtime="20230623 18:22:31.198"/>
</test>
<test id="s1-t2" name="TC_002" line="14">
<kw name="Invalid Login">
<arg>admin@yourstore.com</arg>
<arg>abc</arg>
<kw name="Input Username" library="login_resources">
<arg>${username}</arg>
<kw name="Input Text" library="SeleniumLibrary">
<arg>id:Email</arg>
<arg>${username}</arg>
<doc>Types the given ``text`` into the text field identified by ``locator``.</doc>
<msg timestamp="20230623 18:22:31.199" level="INFO">Typing text 'admin@yourstore.com' into text field 'id:Email'.</msg>
<status status="PASS" starttime="20230623 18:22:31.199" endtime="20230623 18:22:31.258"/>
</kw>
<status status="PASS" starttime="20230623 18:22:31.199" endtime="20230623 18:22:31.258"/>
</kw>
<kw name="Input Password" library="login_resources">
<arg>${password}</arg>
<kw name="Input Text" library="SeleniumLibrary">
<arg>id:Password</arg>
<arg>${password}</arg>
<doc>Types the given ``text`` into the text field identified by ``locator``.</doc>
<msg timestamp="20230623 18:22:31.258" level="INFO">Typing text 'abc' into text field 'id:Password'.</msg>
<status status="PASS" starttime="20230623 18:22:31.258" endtime="20230623 18:22:31.310"/>
</kw>
<status status="PASS" starttime="20230623 18:22:31.258" endtime="20230623 18:22:31.310"/>
</kw>
<kw name="click login button" library="login_resources">
<kw name="Click Element" library="SeleniumLibrary">
<arg>xpath://button[@class='button-1 login-button']</arg>
<doc>Click the element identified by ``locator``.</doc>
<msg timestamp="20230623 18:22:31.310" level="INFO">Clicking element 'xpath://button[@class='button-1 login-button']'.</msg>
<status status="PASS" starttime="20230623 18:22:31.310" endtime="20230623 18:22:31.716"/>
</kw>
<status status="PASS" starttime="20230623 18:22:31.310" endtime="20230623 18:22:31.716"/>
</kw>
<kw name="Login unsuccessful Error message should be visible" library="login_resources">
<kw name="Page Should Contain" library="SeleniumLibrary">
<arg>Login was unsuccessful.</arg>
<doc>Verifies that current page contains ``text``.</doc>
<msg timestamp="20230623 18:22:31.725" level="INFO">Current page contains text 'Login was unsuccessful.'.</msg>
<status status="PASS" starttime="20230623 18:22:31.717" endtime="20230623 18:22:31.725"/>
</kw>
<status status="PASS" starttime="20230623 18:22:31.716" endtime="20230623 18:22:31.725"/>
</kw>
<status status="PASS" starttime="20230623 18:22:31.199" endtime="20230623 18:22:31.725"/>
</kw>
<status status="PASS" starttime="20230623 18:22:31.199" endtime="20230623 18:22:31.725"/>
</test>
<test id="s1-t3" name="TC_003" line="15">
<kw name="Invalid Login">
<arg>admin@yourstore.com</arg>
<arg>123</arg>
<kw name="Input Username" library="login_resources">
<arg>${username}</arg>
<kw name="Input Text" library="SeleniumLibrary">
<arg>id:Email</arg>
<arg>${username}</arg>
<doc>Types the given ``text`` into the text field identified by ``locator``.</doc>
<msg timestamp="20230623 18:22:31.725" level="INFO">Typing text 'admin@yourstore.com' into text field 'id:Email'.</msg>
<status status="PASS" starttime="20230623 18:22:31.725" endtime="20230623 18:22:31.792"/>
</kw>
<status status="PASS" starttime="20230623 18:22:31.725" endtime="20230623 18:22:31.792"/>
</kw>
<kw name="Input Password" library="login_resources">
<arg>${password}</arg>
<kw name="Input Text" library="SeleniumLibrary">
<arg>id:Password</arg>
<arg>${password}</arg>
<doc>Types the given ``text`` into the text field identified by ``locator``.</doc>
<msg timestamp="20230623 18:22:31.793" level="INFO">Typing text '123' into text field 'id:Password'.</msg>
<status status="PASS" starttime="20230623 18:22:31.792" endtime="20230623 18:22:31.841"/>
</kw>
<status status="PASS" starttime="20230623 18:22:31.792" endtime="20230623 18:22:31.841"/>
</kw>
<kw name="click login button" library="login_resources">
<kw name="Click Element" library="SeleniumLibrary">
<arg>xpath://button[@class='button-1 login-button']</arg>
<doc>Click the element identified by ``locator``.</doc>
<msg timestamp="20230623 18:22:31.841" level="INFO">Clicking element 'xpath://button[@class='button-1 login-button']'.</msg>
<status status="PASS" starttime="20230623 18:22:31.841" endtime="20230623 18:22:32.371"/>
</kw>
<status status="PASS" starttime="20230623 18:22:31.841" endtime="20230623 18:22:32.371"/>
</kw>
<kw name="Login unsuccessful Error message should be visible" library="login_resources">
<kw name="Page Should Contain" library="SeleniumLibrary">
<arg>Login was unsuccessful.</arg>
<doc>Verifies that current page contains ``text``.</doc>
<msg timestamp="20230623 18:22:32.377" level="INFO">Current page contains text 'Login was unsuccessful.'.</msg>
<status status="PASS" starttime="20230623 18:22:32.371" endtime="20230623 18:22:32.377"/>
</kw>
<status status="PASS" starttime="20230623 18:22:32.371" endtime="20230623 18:22:32.377"/>
</kw>
<status status="PASS" starttime="20230623 18:22:31.725" endtime="20230623 18:22:32.377"/>
</kw>
<status status="PASS" starttime="20230623 18:22:31.725" endtime="20230623 18:22:32.377"/>
</test>
<test id="s1-t4" name="TC_004" line="16">
<kw name="Invalid Login">
<arg>123</arg>
<arg>admin</arg>
<kw name="Input Username" library="login_resources">
<arg>${username}</arg>
<kw name="Input Text" library="SeleniumLibrary">
<arg>id:Email</arg>
<arg>${username}</arg>
<doc>Types the given ``text`` into the text field identified by ``locator``.</doc>
<msg timestamp="20230623 18:22:32.377" level="INFO">Typing text '123' into text field 'id:Email'.</msg>
<status status="PASS" starttime="20230623 18:22:32.377" endtime="20230623 18:22:32.430"/>
</kw>
<status status="PASS" starttime="20230623 18:22:32.377" endtime="20230623 18:22:32.430"/>
</kw>
<kw name="Input Password" library="login_resources">
<arg>${password}</arg>
<kw name="Input Text" library="SeleniumLibrary">
<arg>id:Password</arg>
<arg>${password}</arg>
<doc>Types the given ``text`` into the text field identified by ``locator``.</doc>
<msg timestamp="20230623 18:22:32.430" level="INFO">Typing text 'admin' into text field 'id:Password'.</msg>
<status status="PASS" starttime="20230623 18:22:32.430" endtime="20230623 18:22:32.484"/>
</kw>
<status status="PASS" starttime="20230623 18:22:32.430" endtime="20230623 18:22:32.484"/>
</kw>
<kw name="click login button" library="login_resources">
<kw name="Click Element" library="SeleniumLibrary">
<arg>xpath://button[@class='button-1 login-button']</arg>
<doc>Click the element identified by ``locator``.</doc>
<msg timestamp="20230623 18:22:32.485" level="INFO">Clicking element 'xpath://button[@class='button-1 login-button']'.</msg>
<status status="PASS" starttime="20230623 18:22:32.484" endtime="20230623 18:22:32.513"/>
</kw>
<status status="PASS" starttime="20230623 18:22:32.484" endtime="20230623 18:22:32.513"/>
</kw>
<kw name="Login unsuccessful Error message should be visible" library="login_resources">
<kw name="Page Should Contain" library="SeleniumLibrary">
<arg>Login was unsuccessful.</arg>
<doc>Verifies that current page contains ``text``.</doc>
<msg timestamp="20230623 18:22:32.513" level="INFO">Current page contains text 'Login was unsuccessful.'.</msg>
<status status="PASS" starttime="20230623 18:22:32.513" endtime="20230623 18:22:32.513"/>
</kw>
<status status="PASS" starttime="20230623 18:22:32.513" endtime="20230623 18:22:32.513"/>
</kw>
<status status="PASS" starttime="20230623 18:22:32.377" endtime="20230623 18:22:32.513"/>
</kw>
<status status="PASS" starttime="20230623 18:22:32.377" endtime="20230623 18:22:32.513"/>
</test>
<test id="s1-t5" name="TC_005" line="17">
<kw name="Invalid Login">
<arg>abc</arg>
<arg>admin</arg>
<kw name="Input Username" library="login_resources">
<arg>${username}</arg>
<kw name="Input Text" library="SeleniumLibrary">
<arg>id:Email</arg>
<arg>${username}</arg>
<doc>Types the given ``text`` into the text field identified by ``locator``.</doc>
<msg timestamp="20230623 18:22:32.513" level="INFO">Typing text 'abc' into text field 'id:Email'.</msg>
<status status="PASS" starttime="20230623 18:22:32.513" endtime="20230623 18:22:32.568"/>
</kw>
<status status="PASS" starttime="20230623 18:22:32.513" endtime="20230623 18:22:32.568"/>
</kw>
<kw name="Input Password" library="login_resources">
<arg>${password}</arg>
<kw name="Input Text" library="SeleniumLibrary">
<arg>id:Password</arg>
<arg>${password}</arg>
<doc>Types the given ``text`` into the text field identified by ``locator``.</doc>
<msg timestamp="20230623 18:22:32.568" level="INFO">Typing text 'admin' into text field 'id:Password'.</msg>
<status status="PASS" starttime="20230623 18:22:32.568" endtime="20230623 18:22:32.614"/>
</kw>
<status status="PASS" starttime="20230623 18:22:32.568" endtime="20230623 18:22:32.614"/>
</kw>
<kw name="click login button" library="login_resources">
<kw name="Click Element" library="SeleniumLibrary">
<arg>xpath://button[@class='button-1 login-button']</arg>
<doc>Click the element identified by ``locator``.</doc>
<msg timestamp="20230623 18:22:32.614" level="INFO">Clicking element 'xpath://button[@class='button-1 login-button']'.</msg>
<status status="PASS" starttime="20230623 18:22:32.614" endtime="20230623 18:22:32.644"/>
</kw>
<status status="PASS" starttime="20230623 18:22:32.614" endtime="20230623 18:22:32.644"/>
</kw>
<kw name="Login unsuccessful Error message should be visible" library="login_resources">
<kw name="Page Should Contain" library="SeleniumLibrary">
<arg>Login was unsuccessful.</arg>
<doc>Verifies that current page contains ``text``.</doc>
<msg timestamp="20230623 18:22:32.644" level="INFO">Current page contains text 'Login was unsuccessful.'.</msg>
<status status="PASS" starttime="20230623 18:22:32.644" endtime="20230623 18:22:32.644"/>
</kw>
<status status="PASS" starttime="20230623 18:22:32.644" endtime="20230623 18:22:32.644"/>
</kw>
<status status="PASS" starttime="20230623 18:22:32.513" endtime="20230623 18:22:32.644"/>
</kw>
<status status="PASS" starttime="20230623 18:22:32.513" endtime="20230623 18:22:32.644"/>
</test>
<test id="s1-t6" name="TC_006" line="18">
<kw name="Invalid Login">
<arg>${Empty}</arg>
<arg>admin</arg>
<kw name="Input Username" library="login_resources">
<arg>${username}</arg>
<kw name="Input Text" library="SeleniumLibrary">
<arg>id:Email</arg>
<arg>${username}</arg>
<doc>Types the given ``text`` into the text field identified by ``locator``.</doc>
<msg timestamp="20230623 18:22:32.644" level="INFO">Typing text '' into text field 'id:Email'.</msg>
<status status="PASS" starttime="20230623 18:22:32.644" endtime="20230623 18:22:32.697"/>
</kw>
<status status="PASS" starttime="20230623 18:22:32.644" endtime="20230623 18:22:32.697"/>
</kw>
<kw name="Input Password" library="login_resources">
<arg>${password}</arg>
<kw name="Input Text" library="SeleniumLibrary">
<arg>id:Password</arg>
<arg>${password}</arg>
<doc>Types the given ``text`` into the text field identified by ``locator``.</doc>
<msg timestamp="20230623 18:22:32.698" level="INFO">Typing text 'admin' into text field 'id:Password'.</msg>
<status status="PASS" starttime="20230623 18:22:32.697" endtime="20230623 18:22:32.744"/>
</kw>
<status status="PASS" starttime="20230623 18:22:32.697" endtime="20230623 18:22:32.744"/>
</kw>
<kw name="click login button" library="login_resources">
<kw name="Click Element" library="SeleniumLibrary">
<arg>xpath://button[@class='button-1 login-button']</arg>
<doc>Click the element identified by ``locator``.</doc>
<msg timestamp="20230623 18:22:32.744" level="INFO">Clicking element 'xpath://button[@class='button-1 login-button']'.</msg>
<status status="PASS" starttime="20230623 18:22:32.744" endtime="20230623 18:22:32.767"/>
</kw>
<status status="PASS" starttime="20230623 18:22:32.744" endtime="20230623 18:22:32.767"/>
</kw>
<kw name="Login unsuccessful Error message should be visible" library="login_resources">
<kw name="Page Should Contain" library="SeleniumLibrary">
<arg>Login was unsuccessful.</arg>
<doc>Verifies that current page contains ``text``.</doc>
<msg timestamp="20230623 18:22:32.774" level="INFO">Current page contains text 'Login was unsuccessful.'.</msg>
<status status="PASS" starttime="20230623 18:22:32.767" endtime="20230623 18:22:32.774"/>
</kw>
<status status="PASS" starttime="20230623 18:22:32.767" endtime="20230623 18:22:32.774"/>
</kw>
<status status="PASS" starttime="20230623 18:22:32.644" endtime="20230623 18:22:32.774"/>
</kw>
<status status="PASS" starttime="20230623 18:22:32.644" endtime="20230623 18:22:32.774"/>
</test>
<kw name="Close browsers" library="login_resources" type="TEARDOWN">
<kw name="Close All Browsers" library="SeleniumLibrary">
<doc>Closes all open browsers and resets the browser cache.</doc>
<status status="PASS" starttime="20230623 18:22:32.775" endtime="20230623 18:22:38.972"/>
</kw>
<status status="PASS" starttime="20230623 18:22:32.774" endtime="20230623 18:22:38.972"/>
</kw>
<status status="PASS" starttime="20230623 18:22:26.954" endtime="20230623 18:22:38.972"/>
</suite>
<statistics>
<total>
<stat pass="6" fail="0" skip="0">All Tests</stat>
</total>
<tag>
</tag>
<suite>
<stat pass="6" fail="0" skip="0" id="s1" name="TC 005 DDT1">TC 005 DDT1</stat>
</suite>
</statistics>
<errors>
<msg timestamp="20230623 18:22:26.938" level="ERROR">Error in file 'C:\Users\akshobya\PycharmProjects\robotProject\RobotFramework\TC_005_DDT1.robot' on line 9: Setting 'Suite Setup' is allowed only once. Only the first value is used.</msg>
<msg timestamp="20230623 18:22:26.938" level="ERROR">Error in file 'C:\Users\akshobya\PycharmProjects\robotProject\RobotFramework\TC_005_DDT1.robot' on line 10: Setting 'Suite Teardown' is allowed only once. Only the first value is used.</msg>
</errors>
</robot>
